# likwid-perfctr -G 0 -W FLOPS_SP -m julia perfctr_gpu.jl
--------------------------------------------------------------------------------
CPU name:	Intel(R) Xeon(R) Silver 4114 CPU @ 2.20GHz
CPU type:	Intel Skylake SP processor
CPU clock:	2.20 GHz
--------------------------------------------------------------------------------
--------------------------------------------------------------------------------
Region matmul, Group 1: FLOPS_SP
+-------------------+----------+
|    Region Info    |   GPU 0  |
+-------------------+----------+
| RDTSC Runtime [s] | 4.365781 |
|     call count    |        1 |
+-------------------+----------+

+----------------------------------------------------+---------+----------+
|                        Event                       | Counter |   GPU 0  |
+----------------------------------------------------+---------+----------+
| SMSP_SASS_THREAD_INST_EXECUTED_OP_FADD_PRED_ON_SUM |   GPU0  |  2457600 |
| SMSP_SASS_THREAD_INST_EXECUTED_OP_FMUL_PRED_ON_SUM |   GPU1  |  3276800 |
| SMSP_SASS_THREAD_INST_EXECUTED_OP_FFMA_PRED_ON_SUM |   GPU2  | 52436990 |
+----------------------------------------------------+---------+----------+

+---------------------+---------+
|        Metric       |  GPU 0  |
+---------------------+---------+
| Runtime (RDTSC) [s] |  4.3658 |
|     SP [MFLOP/s]    | 25.3353 |
+---------------------+---------+

