Warning: The Marker API requires the application to run on the selected CPUs.
Warning: likwid-perfctr pins the application only when using the -C command line option.
Warning: LIKWID assumes that the application does it before the first instrumented code region is started.
Warning: You can use the string in the environment variable LIKWID_THREADS to pin you application to
Warning: to the CPUs specified after the -c command line option.
--------------------------------------------------------------------------------
CPU name:	Intel(R) Xeon(R) Gold 6246 CPU @ 3.30GHz
CPU type:	Intel Cascadelake SP processor
CPU clock:	3.30 GHz
--------------------------------------------------------------------------------
Thread 2, Core 1
Thread 3, Core 2
Thread 1, Core 0
--------------------------------------------------------------------------------
Region saxpy_cpu!, Group 1: FLOPS_SP
+-------------------+------------+------------+------------+
|    Region Info    | HWThread 0 | HWThread 1 | HWThread 2 |
+-------------------+------------+------------+------------+
| RDTSC Runtime [s] |   0.146394 |   0.199333 |   0.178488 |
|     call count    |          1 |          1 |          1 |
+-------------------+------------+------------+------------+
+------------------------------------------+---------+------------+------------+------------+
|                   Event                  | Counter | HWThread 0 | HWThread 1 | HWThread 2 |
+------------------------------------------+---------+------------+------------+------------+
|             INSTR_RETIRED_ANY            |  FIXC0  |   46977220 |   47074720 |   47030020 |
|           CPU_CLK_UNHALTED_CORE          |  FIXC1  |  383841400 |  399093000 |  382726500 |
|           CPU_CLK_UNHALTED_REF           |  FIXC2  |  343281800 |  403328100 |  386764600 |
| FP_ARITH_INST_RETIRED_128B_PACKED_SINGLE |   PMC0  |          0 |          0 |          0 |
|    FP_ARITH_INST_RETIRED_SCALAR_SINGLE   |   PMC1  |          0 |          0 |          0 |
| FP_ARITH_INST_RETIRED_256B_PACKED_SINGLE |   PMC2  |   25000000 |   25000000 |   25000000 |
| FP_ARITH_INST_RETIRED_512B_PACKED_SINGLE |   PMC3  |          0 |          0 |          0 |
+------------------------------------------+---------+------------+------------+------------+
+-----------------------------------------------+---------+------------+-----------+-----------+--------------+
|                     Event                     | Counter |     Sum    |    Min    |    Max    |      Avg     |
+-----------------------------------------------+---------+------------+-----------+-----------+--------------+
|             INSTR_RETIRED_ANY STAT            |  FIXC0  |  141081960 |  46977220 |  47074720 |     47027320 |
|           CPU_CLK_UNHALTED_CORE STAT          |  FIXC1  | 1165660900 | 382726500 | 399093000 | 3.885536e+08 |
|           CPU_CLK_UNHALTED_REF STAT           |  FIXC2  | 1133374500 | 343281800 | 403328100 |    377791500 |
| FP_ARITH_INST_RETIRED_128B_PACKED_SINGLE STAT |   PMC0  |          0 |         0 |         0 |            0 |
|    FP_ARITH_INST_RETIRED_SCALAR_SINGLE STAT   |   PMC1  |          0 |         0 |         0 |            0 |
| FP_ARITH_INST_RETIRED_256B_PACKED_SINGLE STAT |   PMC2  |   75000000 |  25000000 |  25000000 |     25000000 |
| FP_ARITH_INST_RETIRED_512B_PACKED_SINGLE STAT |   PMC3  |          0 |         0 |         0 |            0 |
+-----------------------------------------------+---------+------------+-----------+-----------+--------------+
+----------------------+------------+------------+------------+
|        Metric        | HWThread 0 | HWThread 1 | HWThread 2 |
+----------------------+------------+------------+------------+
|  Runtime (RDTSC) [s] |     0.1464 |     0.1993 |     0.1785 |
| Runtime unhalted [s] |     0.1163 |     0.1209 |     0.1160 |
|      Clock [MHz]     |  3689.9336 |  3265.3756 |  3265.5725 |
|          CPI         |     8.1708 |     8.4779 |     8.1379 |
|     SP [MFLOP/s]     |  1366.1725 |  1003.3472 |  1120.5229 |
|   AVX SP [MFLOP/s]   |  1366.1725 |  1003.3472 |  1120.5229 |
|  AVX512 SP [MFLOP/s] |          0 |          0 |          0 |
|   Packed [MUOPS/s]   |   170.7716 |   125.4184 |   140.0654 |
|   Scalar [MUOPS/s]   |          0 |          0 |          0 |
|  Vectorization ratio |        100 |        100 |        100 |
+----------------------+------------+------------+------------+
+---------------------------+------------+-----------+-----------+-----------+
|           Metric          |     Sum    |    Min    |    Max    |    Avg    |
+---------------------------+------------+-----------+-----------+-----------+
|  Runtime (RDTSC) [s] STAT |     0.5242 |    0.1464 |    0.1993 |    0.1747 |
| Runtime unhalted [s] STAT |     0.3532 |    0.1160 |    0.1209 |    0.1177 |
|      Clock [MHz] STAT     | 10220.8817 | 3265.3756 | 3689.9336 | 3406.9606 |
|          CPI STAT         |    24.7866 |    8.1379 |    8.4779 |    8.2622 |
|     SP [MFLOP/s] STAT     |  3490.0426 | 1003.3472 | 1366.1725 | 1163.3475 |
|   AVX SP [MFLOP/s] STAT   |  3490.0426 | 1003.3472 | 1366.1725 | 1163.3475 |
|  AVX512 SP [MFLOP/s] STAT |          0 |         0 |         0 |         0 |
|   Packed [MUOPS/s] STAT   |   436.2554 |  125.4184 |  170.7716 |  145.4185 |
|   Scalar [MUOPS/s] STAT   |          0 |         0 |         0 |         0 |
|  Vectorization ratio STAT |        300 |       100 |       100 |       100 |
+---------------------------+------------+-----------+-----------+-----------+