--------------------------------------------------------------------------------
CPU name:	AMD EPYC 7763 64-Core Processor                
CPU type:	AMD K19 (Zen3) architecture
CPU clock:	2.45 GHz
--------------------------------------------------------------------------------
--------------------------------------------------------------------------------
Region saxpy, Group 1: FLOPS_DP
+-------------------+------------+
|    Region Info    | HWThread 0 |
+-------------------+------------+
| RDTSC Runtime [s] |   0.019639 |
|     call count    |          1 |
+-------------------+------------+

+---------------------------+---------+------------+
|           Event           | Counter | HWThread 0 |
+---------------------------+---------+------------+
|      ACTUAL_CPU_CLOCK     |  FIXC1  |   69339220 |
|       MAX_CPU_CLOCK       |  FIXC2  |   48197870 |
|    RETIRED_INSTRUCTIONS   |   PMC0  |   94703030 |
|    CPU_CLOCKS_UNHALTED    |   PMC1  |   67007110 |
| RETIRED_SSE_AVX_FLOPS_ALL |   PMC2  |      21158 |
|           MERGE           |   PMC3  |          0 |
+---------------------------+---------+------------+

+----------------------+------------+
|        Metric        | HWThread 0 |
+----------------------+------------+
|  Runtime (RDTSC) [s] |     0.0196 |
| Runtime unhalted [s] |     0.0283 |
|      Clock [MHz]     |  3524.6343 |
|          CPI         |     0.7075 |
|     DP [MFLOP/s]     |     1.0774 |
+----------------------+------------+

