--------------------------------------------------------------------------------
CPU name:	AMD EPYC 7763 64-Core Processor                
CPU type:	AMD K19 (Zen3) architecture
CPU clock:	2.45 GHz
--------------------------------------------------------------------------------
--------------------------------------------------------------------------------
Region saxpy, Group 1: FLOPS_DP
+-------------------+------------+
|    Region Info    | HWThread 0 |
+-------------------+------------+
| RDTSC Runtime [s] |   0.000015 |
|     call count    |          1 |
+-------------------+------------+

+---------------------------+---------+------------+
|           Event           | Counter | HWThread 0 |
+---------------------------+---------+------------+
|      ACTUAL_CPU_CLOCK     |  FIXC1  |     160209 |
|       MAX_CPU_CLOCK       |  FIXC2  |     110005 |
|    RETIRED_INSTRUCTIONS   |   PMC0  |     223838 |
|    CPU_CLOCKS_UNHALTED    |   PMC1  |      61493 |
| RETIRED_SSE_AVX_FLOPS_ALL |   PMC2  |      20010 |
|           MERGE           |   PMC3  |          0 |
+---------------------------+---------+------------+

+----------------------+--------------+
|        Metric        |  HWThread 0  |
+----------------------+--------------+
|  Runtime (RDTSC) [s] | 1.524970e-05 |
| Runtime unhalted [s] |       0.0001 |
|      Clock [MHz]     |    3568.1526 |
|          CPI         |       0.2747 |
|     DP [MFLOP/s]     |    1312.1570 |
+----------------------+--------------+

