
Group: FLOPS_DP
┌───────────────────────────┬───────────┬───────────┬───────────┬───────────┐
│                     Event │  Thread 1 │  Thread 2 │  Thread 3 │  Thread 4 │
├───────────────────────────┼───────────┼───────────┼───────────┼───────────┤
│          ACTUAL_CPU_CLOCK │  3.9388e8 │ 3.92882e8 │ 3.92513e8 │ 3.92382e8 │
│             MAX_CPU_CLOCK │  2.7381e8 │ 2.73364e8 │ 2.73398e8 │ 2.73476e8 │
│      RETIRED_INSTRUCTIONS │ 1.36709e9 │ 1.34747e9 │ 1.37222e9 │ 1.31639e9 │
│       CPU_CLOCKS_UNHALTED │ 3.85698e8 │ 3.91239e8 │ 3.89597e8 │ 3.90778e8 │
│ RETIRED_SSE_AVX_FLOPS_ALL │ 4.96744e9 │ 5.04756e9 │ 5.04756e9 │ 4.96744e9 │
│                     MERGE │       0.0 │       0.0 │       0.0 │       0.0 │
└───────────────────────────┴───────────┴───────────┴───────────┴───────────┘
┌──────────────────────┬──────────┬──────────┬──────────┬──────────┐
│               Metric │ Thread 1 │ Thread 2 │ Thread 3 │ Thread 4 │
├──────────────────────┼──────────┼──────────┼──────────┼──────────┤
│  Runtime (RDTSC) [s] │ 0.111536 │ 0.111536 │ 0.111536 │ 0.111536 │
│ Runtime unhalted [s] │ 0.160782 │ 0.160375 │ 0.160224 │ 0.160171 │
│          Clock [MHz] │  3524.04 │  3520.84 │   3517.1 │  3514.92 │
│                  CPI │  0.28213 │  0.29035 │ 0.283917 │ 0.296856 │
│         DP [MFLOP/s] │  44536.6 │  45255.0 │  45255.0 │  44536.6 │
└──────────────────────┴──────────┴──────────┴──────────┴──────────┘
getindex.(events["FLOPS_DP"], "RETIRED_SSE_AVX_FLOPS_ALL") = [4.96744004e9, 5.04756004e9, 5.047560179e9, 4.96744004e9]
getindex.(metrics["FLOPS_DP"], "DP [MFLOP/s]") = [44536.61762128544, 45254.95015777992, 45254.95140401335, 44536.61762128544]
