INFO: You are running LIKWID in a cpuset with 1 CPUs. Taking given IDs as logical ID in cpuset
--------------------------------------------------------------------------------
CPU name:	Intel(R) Xeon(R) Silver 4114 CPU @ 2.20GHz
CPU type:	Intel Skylake SP processor
CPU clock:	2.20 GHz
--------------------------------------------------------------------------------
--------------------------------------------------------------------------------
--------------------------------------------------------------------------------
Region saxpy_cpu, Group 1: FLOPS_SP
+-------------------+-------------+
|    Region Info    | HWThread 10 |
+-------------------+-------------+
| RDTSC Runtime [s] |    0.104644 |
|     call count    |           1 |
+-------------------+-------------+

+------------------------------------------+---------+-------------+
|                   Event                  | Counter | HWThread 10 |
+------------------------------------------+---------+-------------+
|             INSTR_RETIRED_ANY            |  FIXC0  |    60497320 |
|           CPU_CLK_UNHALTED_CORE          |  FIXC1  |   300657400 |
|           CPU_CLK_UNHALTED_REF           |  FIXC2  |   228230300 |
| FP_ARITH_INST_RETIRED_128B_PACKED_SINGLE |   PMC0  |           0 |
|    FP_ARITH_INST_RETIRED_SCALAR_SINGLE   |   PMC1  |         111 |
| FP_ARITH_INST_RETIRED_256B_PACKED_SINGLE |   PMC2  |    25000000 |
| FP_ARITH_INST_RETIRED_512B_PACKED_SINGLE |   PMC3  |           0 |
+------------------------------------------+---------+-------------+

+----------------------+-------------+
|        Metric        | HWThread 10 |
+----------------------+-------------+
|  Runtime (RDTSC) [s] |      0.1046 |
| Runtime unhalted [s] |      0.1367 |
|      Clock [MHz]     |   2897.9539 |
|          CPI         |      4.9698 |
|     SP [MFLOP/s]     |   1911.2503 |
|   AVX SP [MFLOP/s]   |   1911.2492 |
|  AVX512 SP [MFLOP/s] |           0 |
|   Packed [MUOPS/s]   |    238.9062 |
|   Scalar [MUOPS/s]   |      0.0011 |
|  Vectorization ratio |     99.9996 |
+----------------------+-------------+

Region saxpy_gpu, Group 1: FLOPS_SP
+-------------------+----------+
|    Region Info    |   GPU 0  |
+-------------------+----------+
| RDTSC Runtime [s] | 0.013071 |
|     call count    |        1 |
+-------------------+----------+

+----------------------------------------------------+---------+-----------+
|                        Event                       | Counter |   GPU 0   |
+----------------------------------------------------+---------+-----------+
| SMSP_SASS_THREAD_INST_EXECUTED_OP_FADD_PRED_ON_SUM |   GPU0  |         0 |
| SMSP_SASS_THREAD_INST_EXECUTED_OP_FMUL_PRED_ON_SUM |   GPU1  |         0 |
| SMSP_SASS_THREAD_INST_EXECUTED_OP_FFMA_PRED_ON_SUM |   GPU2  | 100000000 |
+----------------------------------------------------+---------+-----------+

+---------------------+------------+
|        Metric       |    GPU 0   |
+---------------------+------------+
| Runtime (RDTSC) [s] |     0.0131 |
|     SP [MFLOP/s]    | 15300.8959 |
+---------------------+------------+

