
Group: FLOPS_DP
┌───────────────────────────┬───────────┬───────────┬───────────┬───────────┐
│                     Event │  Thread 1 │  Thread 2 │  Thread 3 │  Thread 4 │
├───────────────────────────┼───────────┼───────────┼───────────┼───────────┤
│          ACTUAL_CPU_CLOCK │ 5.36338e7 │ 5.24286e7 │ 5.23564e7 │  5.2403e7 │
│             MAX_CPU_CLOCK │ 3.73009e7 │ 3.68897e7 │ 3.67934e7 │  3.6826e7 │
│      RETIRED_INSTRUCTIONS │ 7.07891e7 │ 5.59967e6 │ 5.54287e6 │ 5.50639e6 │
│       CPU_CLOCKS_UNHALTED │ 5.25239e7 │ 5.21358e7 │ 5.20961e7 │ 5.20703e7 │
│ RETIRED_SSE_AVX_FLOPS_ALL │    5954.0 │    5000.0 │    5000.0 │    5000.0 │
│                     MERGE │       0.0 │       0.0 │       0.0 │       0.0 │
└───────────────────────────┴───────────┴───────────┴───────────┴───────────┘
┌──────────────────────┬───────────┬───────────┬───────────┬───────────┐
│               Metric │  Thread 1 │  Thread 2 │  Thread 3 │  Thread 4 │
├──────────────────────┼───────────┼───────────┼───────────┼───────────┤
│  Runtime (RDTSC) [s] │ 0.0150125 │ 0.0150125 │ 0.0150125 │ 0.0150125 │
│ Runtime unhalted [s] │ 0.0218919 │ 0.0213999 │ 0.0213705 │ 0.0213895 │
│          Clock [MHz] │    3522.7 │   3481.92 │   3486.23 │   3486.24 │
│                  CPI │  0.741976 │   9.31052 │   9.39877 │   9.45634 │
│         DP [MFLOP/s] │  0.396604 │  0.333057 │  0.333057 │  0.333057 │
└──────────────────────┴───────────┴───────────┴───────────┴───────────┘
getindex.(events["FLOPS_DP"], "RETIRED_SSE_AVX_FLOPS_ALL") = [5954.0, 5000.0, 5000.0, 5000.0]
getindex.(metrics["FLOPS_DP"], "DP [MFLOP/s]") = [0.39660385762565137, 0.33305664899702, 0.33305664899702, 0.33305664899702]
