3 9 3
0:Total-0
1:calc_flops-0
2:copy-0
3:Total-1
4:calc_flops-1
5:copy-1
6:Total-2
7:calc_flops-2
8:copy-2
0 0 0 1 1.027544e+00 7 2.144170e+09 4.205157e+09 3.384639e+09 0.000000e+00 1.000001e+08 0.000000e+00 0.000000e+00 
0 0 2 1 1.024142e+00 7 2.144126e+09 4.190027e+09 3.372462e+09 0.000000e+00 1.000001e+08 0.000000e+00 0.000000e+00 
0 0 3 1 1.023044e+00 7 2.144127e+09 4.185372e+09 3.368714e+09 0.000000e+00 1.000001e+08 0.000000e+00 0.000000e+00 
1 0 0 1 9.762534e-02 7 3.000042e+08 4.000343e+08 3.219786e+08 0.000000e+00 1.000000e+08 0.000000e+00 0.000000e+00 
1 0 2 1 9.763357e-02 7 3.000054e+08 4.000415e+08 3.219850e+08 0.000000e+00 1.000000e+08 0.000000e+00 0.000000e+00 
1 0 3 1 9.765951e-02 7 3.000054e+08 4.000436e+08 3.219867e+08 0.000000e+00 1.000000e+08 0.000000e+00 0.000000e+00 
2 0 0 1 9.288354e-01 7 1.844104e+09 3.804958e+09 3.062527e+09 0.000000e+00 1.100000e+01 0.000000e+00 0.000000e+00 
2 0 2 1 9.261973e-01 7 1.844105e+09 3.789942e+09 3.050443e+09 0.000000e+00 1.100000e+01 0.000000e+00 0.000000e+00 
2 0 3 1 9.250345e-01 7 1.844105e+09 3.785278e+09 3.046687e+09 0.000000e+00 1.100000e+01 0.000000e+00 0.000000e+00 
3 1 0 1 8.655238e-01 6 2.144125e+09 3.529495e+09 2.850757e+09 2.496395e+07 1.627330e+05 3.556000e+03 
3 1 2 1 8.563120e-01 6 2.144127e+09 3.480072e+09 2.823181e+09 2.546380e+07 1.451670e+05 4.606000e+03 
3 1 3 1 8.678919e-01 6 2.144128e+09 3.526374e+09 2.861207e+09 2.506569e+07 1.348240e+05 4.630000e+03 
4 1 0 1 1.006653e-01 6 3.000041e+08 4.000353e+08 3.319240e+08 2.310000e+02 6.200000e+01 7.550000e+02 
4 1 2 1 1.043715e-01 6 3.000046e+08 4.000453e+08 3.441280e+08 3.210000e+02 9.400000e+01 1.224000e+03 
4 1 3 1 1.046157e-01 6 3.000049e+08 4.000538e+08 3.448937e+08 3.510000e+02 1.130000e+02 1.260000e+03 
5 1 0 1 7.638814e-01 6 1.844104e+09 3.129413e+09 2.518796e+09 2.496301e+07 1.624770e+05 1.325000e+03 
5 1 2 1 7.516352e-01 6 1.844104e+09 3.079979e+09 2.479006e+09 2.546261e+07 1.448050e+05 1.067000e+03 
5 1 3 1 7.629674e-01 6 1.844104e+09 3.126275e+09 2.516269e+09 2.506447e+07 1.344380e+05 1.183000e+03 
6 2 0 1 1.062911e+00 3 2.144126e+09 4.330782e+09 3.496706e+09 
6 2 2 1 1.063651e+00 3 2.144127e+09 4.323032e+09 3.507277e+09 
6 2 3 1 1.058793e+00 3 2.144127e+09 4.325065e+09 3.491109e+09 
7 2 0 1 1.009760e-01 3 3.000042e+08 4.000457e+08 3.329425e+08 
7 2 2 1 1.060796e-01 3 3.000043e+08 4.000428e+08 3.497374e+08 
7 2 3 1 1.006784e-01 3 3.000044e+08 4.000376e+08 3.319411e+08 
8 2 0 1 9.612140e-01 3 1.844104e+09 3.930675e+09 3.163715e+09 
8 2 2 1 9.573422e-01 3 1.844105e+09 3.922941e+09 3.157488e+09 
8 2 3 1 9.578976e-01 3 1.844104e+09 3.924959e+09 3.159112e+09 