
Group: FLOPS_DP
┌───────────────────────────┬───────────┐
│                     Event │  Thread 1 │
├───────────────────────────┼───────────┤
│          ACTUAL_CPU_CLOCK │ 2.05944e9 │
│             MAX_CPU_CLOCK │ 1.43169e9 │
│      RETIRED_INSTRUCTIONS │ 3.43619e9 │
│       CPU_CLOCKS_UNHALTED │ 2.02681e9 │
│ RETIRED_SSE_AVX_FLOPS_ALL │ 2.11392e8 │
│                     MERGE │       0.0 │
└───────────────────────────┴───────────┘
┌──────────────────────┬──────────┐
│               Metric │ Thread 1 │
├──────────────────────┼──────────┤
│  Runtime (RDTSC) [s] │ 0.584337 │
│ Runtime unhalted [s] │ 0.840604 │
│          Clock [MHz] │  3524.17 │
│                  CPI │  0.58984 │
│         DP [MFLOP/s] │  361.764 │
└──────────────────────┴──────────┘
Metrics:
OrderedDict{String, Float64} with 5 entries:
  "Runtime (RDTSC) [s]" => 0.584337
  "Runtime unhalted [s]" => 0.840604
  "Clock [MHz]" => 3524.17
  "CPI" => 0.58984
  "DP [MFLOP/s]" => 361.764
Events:
OrderedDict{String, Float64} with 6 entries:
  "ACTUAL_CPU_CLOCK" => 2.05944e9
  "MAX_CPU_CLOCK" => 1.43169e9
  "RETIRED_INSTRUCTIONS" => 3.43619e9
  "CPU_CLOCKS_UNHALTED" => 2.02681e9
  "RETIRED_SSE_AVX_FLOPS_ALL" => 2.11392e8
  "MERGE" => 0.0